\BOOKMARK [0][]{section*.1}{\376\377\000R\000e\000s\000u\000m\000o}{}% 1
\BOOKMARK [0][]{section*.3}{\376\377\000\315\000n\000d\000i\000c\000e}{}% 2
\BOOKMARK [0][]{section*.5}{\376\377\000L\000i\000s\000t\000a\000\040\000d\000e\000\040\000F\000i\000g\000u\000r\000a\000s}{}% 3
\BOOKMARK [0][]{section*.7}{\376\377\000L\000i\000s\000t\000a\000\040\000d\000e\000\040\000T\000a\000b\000e\000l\000a\000s}{}% 4
\BOOKMARK [0][]{chapter.1}{\376\377\000I\000n\000t\000r\000o\000d\000u\000\347\000\343\000o}{}% 5
\BOOKMARK [1][]{section.1.1}{\376\377\000H\000i\000s\000t\000\363\000r\000i\000a\000\040\000e\000\040\000E\000n\000q\000u\000a\000d\000r\000a\000m\000e\000n\000t\000o}{chapter.1}% 6
\BOOKMARK [1][]{section.1.2}{\376\377\000M\000o\000t\000i\000v\000a\000\347\000\343\000o}{chapter.1}% 7
\BOOKMARK [1][]{section.1.3}{\376\377\000O\000b\000j\000e\000t\000i\000v\000o\000s}{chapter.1}% 8
\BOOKMARK [1][]{section.1.4}{\376\377\000E\000s\000t\000r\000u\000t\000u\000r\000a\000\040\000d\000o\000\040\000R\000e\000l\000a\000t\000\363\000r\000i\000o}{chapter.1}% 9
\BOOKMARK [0][]{chapter.2}{\376\377\000T\000e\000c\000n\000o\000l\000o\000g\000i\000a\000s\000\040\000U\000t\000i\000l\000i\000z\000a\000d\000a\000s}{}% 10
\BOOKMARK [1][]{section.2.1}{\376\377\000O\000p\000e\000n\000G\000L}{chapter.2}% 11
\BOOKMARK [1][]{section.2.2}{\376\377\000G\000L\000F\000W}{chapter.2}% 12
\BOOKMARK [1][]{section.2.3}{\376\377\000G\000L\000M}{chapter.2}% 13
\BOOKMARK [1][]{section.2.4}{\376\377\000G\000L\000A\000D}{chapter.2}% 14
\BOOKMARK [1][]{section.2.5}{\376\377\000F\000r\000e\000e\000T\000y\000p\000e}{chapter.2}% 15
\BOOKMARK [1][]{section.2.6}{\376\377\000S\000T\000B\000\040\000I\000m\000a\000g\000e}{chapter.2}% 16
\BOOKMARK [1][]{section.2.7}{\376\377\000C\000M\000a\000k\000e}{chapter.2}% 17
\BOOKMARK [1][]{section.2.8}{\376\377\000S\000o\000c\000k\000e\000t\000s\000\040\000T\000C\000P}{chapter.2}% 18
\BOOKMARK [1][]{section.2.9}{\376\377\000R\000e\000s\000u\000m\000o\000\040\000d\000e\000\040\000B\000i\000b\000l\000i\000o\000t\000e\000c\000a\000s}{chapter.2}% 19
\BOOKMARK [0][]{chapter.3}{\376\377\000D\000e\000s\000e\000n\000v\000o\000l\000v\000i\000m\000e\000n\000t\000o\000\040\000e\000\040\000I\000m\000p\000l\000e\000m\000e\000n\000t\000a\000\347\000\343\000o}{}% 20
\BOOKMARK [1][]{section.3.1}{\376\377\000G\000e\000s\000t\000\343\000o\000\040\000d\000o\000\040\000P\000r\000o\000j\000e\000t\000o}{chapter.3}% 21
\BOOKMARK [2][]{subsection.3.1.1}{\376\377\000E\000s\000t\000r\000u\000t\000u\000r\000a\000\040\000d\000e\000\040\000D\000i\000r\000e\000t\000\363\000r\000i\000o\000s}{section.3.1}% 22
\BOOKMARK [2][]{subsection.3.1.2}{\376\377\000S\000i\000s\000t\000e\000m\000a\000\040\000d\000e\000\040\000C\000o\000m\000p\000i\000l\000a\000\347\000\343\000o}{section.3.1}% 23
\BOOKMARK [2][]{subsection.3.1.3}{\376\377\000C\000a\000r\000r\000e\000g\000a\000m\000e\000n\000t\000o\000\040\000d\000e\000\040\000A\000s\000s\000e\000t\000s\000\040\000P\000o\000r\000t\000\341\000v\000e\000l}{section.3.1}% 24
\BOOKMARK [1][]{section.3.2}{\376\377\000D\000e\000s\000c\000r\000i\000\347\000\343\000o\000\040\000d\000o\000\040\000C\000\363\000d\000i\000g\000o}{chapter.3}% 25
\BOOKMARK [2][]{subsection.3.2.1}{\376\377\000C\000l\000a\000s\000s\000e\000\040\000G\000a\000m\000e}{section.3.2}% 26
\BOOKMARK [2][]{subsection.3.2.2}{\376\377\000C\000l\000a\000s\000s\000e\000\040\000M\000a\000z\000e}{section.3.2}% 27
\BOOKMARK [2][]{subsection.3.2.3}{\376\377\000C\000l\000a\000s\000s\000e\000\040\000C\000a\000m\000e\000r\000a}{section.3.2}% 28
\BOOKMARK [2][]{subsection.3.2.4}{\376\377\000C\000l\000a\000s\000s\000e\000\040\000S\000h\000a\000d\000e\000r}{section.3.2}% 29
\BOOKMARK [2][]{subsection.3.2.5}{\376\377\000G\000e\000r\000a\000\347\000\343\000o\000\040\000d\000e\000\040\000L\000a\000b\000i\000r\000i\000n\000t\000o\000:\000\040\000A\000l\000g\000o\000r\000i\000t\000m\000o\000\040\000d\000e\000\040\000K\000r\000u\000s\000k\000a\000l}{section.3.2}% 30
\BOOKMARK [2][]{subsection.3.2.6}{\376\377\000C\000l\000a\000s\000s\000e\000\040\000T\000e\000x\000t\000R\000e\000n\000d\000e\000r\000e\000r}{section.3.2}% 31
\BOOKMARK [2][]{subsection.3.2.7}{\376\377\000C\000l\000a\000s\000s\000e\000\040\000M\000e\000s\000h}{section.3.2}% 32
\BOOKMARK [2][]{subsection.3.2.8}{\376\377\000M\000\363\000d\000u\000l\000o\000\040\000N\000e\000t\000w\000o\000r\000k}{section.3.2}% 33
\BOOKMARK [1][]{section.3.3}{\376\377\000F\000u\000n\000c\000i\000o\000n\000a\000l\000i\000d\000a\000d\000e\000s\000\040\000I\000m\000p\000l\000e\000m\000e\000n\000t\000a\000d\000a\000s}{chapter.3}% 34
\BOOKMARK [2][]{subsection.3.3.1}{\376\377\000G\000e\000r\000a\000\347\000\343\000o\000\040\000P\000r\000o\000c\000e\000d\000u\000r\000a\000l\000\040\000d\000e\000\040\000L\000a\000b\000i\000r\000i\000n\000t\000o\000s}{section.3.3}% 35
\BOOKMARK [2][]{subsection.3.3.2}{\376\377\000S\000i\000s\000t\000e\000m\000a\000\040\000d\000e\000\040\000I\000l\000u\000m\000i\000n\000a\000\347\000\343\000o\000\040\000D\000i\000n\000\342\000m\000i\000c\000a}{section.3.3}% 36
\BOOKMARK [2][]{subsection.3.3.3}{\376\377\000N\000e\000t\000w\000o\000r\000k\000i\000n\000g\000\040\000H\000o\000s\000t\000/\000C\000l\000i\000e\000n\000t\000e}{section.3.3}% 37
\BOOKMARK [2][]{subsection.3.3.4}{\376\377\000S\000i\000s\000t\000e\000m\000a\000\040\000d\000e\000\040\000D\000i\000\341\000l\000o\000g\000o\000\040\000I\000n\000t\000r\000o\000d\000u\000t\000\363\000r\000i\000o}{section.3.3}% 38
\BOOKMARK [2][]{subsection.3.3.5}{\376\377\000A\000m\000b\000i\000e\000n\000t\000e\000\040\000E\000x\000t\000e\000r\000i\000o\000r}{section.3.3}% 39
\BOOKMARK [2][]{subsection.3.3.6}{\376\377\000D\000e\000t\000e\000\347\000\343\000o\000\040\000d\000e\000\040\000C\000o\000l\000i\000s\000\365\000e\000s}{section.3.3}% 40
\BOOKMARK [2][]{subsection.3.3.7}{\376\377\000S\000i\000s\000t\000e\000m\000a\000\040\000d\000e\000\040\000P\000a\000u\000s\000a}{section.3.3}% 41
\BOOKMARK [2][]{subsection.3.3.8}{\376\377\000T\000r\000a\000n\000s\000i\000\347\000\343\000o\000\040\000d\000e\000\040\000C\000o\000r\000\040\000P\000r\000o\000g\000r\000e\000s\000s\000i\000v\000a}{section.3.3}% 42
\BOOKMARK [2][]{subsection.3.3.9}{\376\377\000S\000h\000a\000d\000e\000r\000\040\000d\000e\000\040\000M\000e\000t\000a\000l\000\040\000L\000\355\000q\000u\000i\000d\000o\000\040\000\050\000P\000o\000r\000t\000a\000l\000\051}{section.3.3}% 43
\BOOKMARK [2][]{subsection.3.3.10}{\376\377\000T\000e\000x\000t\000u\000r\000a\000s\000\040\000e\000\040\000M\000a\000t\000e\000r\000i\000a\000i\000s}{section.3.3}% 44
\BOOKMARK [2][]{subsection.3.3.11}{\376\377\000M\000i\000n\000i\000m\000a\000p\000a\000\040\000\050\000H\000U\000D\000\051}{section.3.3}% 45
\BOOKMARK [1][]{section.3.4}{\376\377\000D\000o\000c\000u\000m\000e\000n\000t\000a\000\347\000\343\000o\000\040\000c\000o\000m\000\040\000D\000o\000x\000y\000g\000e\000n}{chapter.3}% 46
\BOOKMARK [0][]{chapter.4}{\376\377\000C\000o\000n\000c\000l\000u\000s\000\343\000o\000\040\000e\000\040\000T\000r\000a\000b\000a\000l\000h\000o\000\040\000F\000u\000t\000u\000r\000o}{}% 47
\BOOKMARK [1][]{section.4.1}{\376\377\000C\000o\000n\000c\000l\000u\000s\000\343\000o}{chapter.4}% 48
\BOOKMARK [2][]{subsection.4.1.1}{\376\377\000O\000\040\000q\000u\000e\000\040\000s\000e\000\040\000F\000e\000z}{section.4.1}% 49
\BOOKMARK [1][]{section.4.2}{\376\377\000L\000i\000m\000i\000t\000a\000\347\000\365\000e\000s\000\040\000e\000\040\000T\000r\000a\000b\000a\000l\000h\000o\000\040\000N\000\343\000o\000\040\000R\000e\000a\000l\000i\000z\000a\000d\000o}{chapter.4}% 50
\BOOKMARK [1][]{section.4.3}{\376\377\000T\000r\000a\000b\000a\000l\000h\000o\000\040\000F\000u\000t\000u\000r\000o}{chapter.4}% 51
\BOOKMARK [1][]{section.4.4}{\376\377\000C\000o\000n\000s\000i\000d\000e\000r\000a\000\347\000\365\000e\000s\000\040\000F\000i\000n\000a\000i\000s}{chapter.4}% 52
\BOOKMARK [0][]{section*.16}{\376\377\000B\000i\000b\000l\000i\000o\000g\000r\000a\000f\000i\000a}{}% 53
